<?xml version="1.0" encoding="UTF-8"?>
<testsuites name="jest tests" tests="5" failures="0" errors="0" time="0.781">
  <testsuite name="Testes para o cálculo do ETEC" errors="0" failures="0" skipped="0" timestamp="2025-05-29T12:41:21" time="0.504" tests="5">
    <testcase classname="Testes para o cálculo do ETEC Calcular o custo mensal da empregada" name="Testes para o cálculo do ETEC Calcular o custo mensal da empregada" time="0.002">
    </testcase>
    <testcase classname="Testes para o cálculo do ETEC Calcular férias mensal" name="Testes para o cálculo do ETEC Calcular férias mensal" time="0">
    </testcase>
    <testcase classname="Testes para o cálculo do ETEC Calcular décimo terceiro proporcional" name="Testes para o cálculo do ETEC Calcular décimo terceiro proporcional" time="0">
    </testcase>
    <testcase classname="Testes para o cálculo do ETEC Calcular do eSocial" name="Testes para o cálculo do ETEC Calcular do eSocial" time="0">
    </testcase>
    <testcase classname="Testes para o cálculo do ETEC Calcular valor de rescisão" name="Testes para o cálculo do ETEC Calcular valor de rescisão" time="0">
    </testcase>
  </testsuite>
</testsuites>