<?xml version="1.0" encoding="UTF-8"?>
<testsuites name="jest tests" tests="3" failures="0" errors="0" time="0.374">
  <testsuite name="Testes para o cálculo do ETEC" errors="0" failures="0" skipped="0" timestamp="2025-05-21T19:45:29" time="0.333" tests="3">
    <testcase classname="Testes para o cálculo do ETEC Calcular o custo mensal da empregada" name="Testes para o cálculo do ETEC Calcular o custo mensal da empregada" time="0.002">
    </testcase>
    <testcase classname="Testes para o cálculo do ETEC Calcular férias mensal" name="Testes para o cálculo do ETEC Calcular férias mensal" time="0">
    </testcase>
    <testcase classname="Testes para o cálculo do ETEC Calcular décimo terceiro proporcional" name="Testes para o cálculo do ETEC Calcular décimo terceiro proporcional" time="0.001">
    </testcase>
  </testsuite>
</testsuites>