<?xml version="1.0" encoding="UTF-8"?>
<testsuites name="jest tests" tests="4" failures="0" errors="0" time="0.178">
  <testsuite name="undefined" errors="0" failures="0" skipped="0" timestamp="2025-05-16T12:05:28" time="0.153" tests="4">
    <testcase classname=" Teste de multiplicação de markup" name=" Teste de multiplicação de markup" time="0.001">
    </testcase>
    <testcase classname=" Teste de multiplicação de markup com valores negativos" name=" Teste de multiplicação de markup com valores negativos" time="0">
    </testcase>
    <testcase classname=" Teste de multiplicação de markup com valores zero" name=" Teste de multiplicação de markup com valores zero" time="0">
    </testcase>
    <testcase classname=" Teste de multiplicação de markup com valores decimais" name=" Teste de multiplicação de markup com valores decimais" time="0">
    </testcase>
  </testsuite>
</testsuites>