<?xml version="1.0" encoding="UTF-8"?>
<testsuites name="jest tests" tests="15" failures="0" errors="0" time="0.649">
  <testsuite name="Testes da rota /calcular-volume" errors="0" failures="0" skipped="0" timestamp="2025-05-29T00:15:38" time="0.612" tests="15">
    <testcase classname="Testes da rota /calcular-volume Deve calcular volume de piscina retangular corretamente" name="Testes da rota /calcular-volume Deve calcular volume de piscina retangular corretamente" time="0.051">
    </testcase>
    <testcase classname="Testes da rota /calcular-volume Deve retornar erro se faltar tipo de piscina" name="Testes da rota /calcular-volume Deve retornar erro se faltar tipo de piscina" time="0.006">
    </testcase>
    <testcase classname="Testes da rota /login Deve realizar login com sucesso usando credenciais válidas" name="Testes da rota /login Deve realizar login com sucesso usando credenciais válidas" time="0.003">
    </testcase>
    <testcase classname="Testes da rota /login Deve falhar no login com credenciais inválidas" name="Testes da rota /login Deve falhar no login com credenciais inválidas" time="0.003">
    </testcase>
    <testcase classname="Testes da rota /agua Deve calcular corretamente o custo da água" name="Testes da rota /agua Deve calcular corretamente o custo da água" time="0.003">
    </testcase>
    <testcase classname="Testes da rota /agua Deve aceitar números com vírgula no formato brasileiro" name="Testes da rota /agua Deve aceitar números com vírgula no formato brasileiro" time="0.002">
    </testcase>
    <testcase classname="Testes da rota /agua Deve retornar erro se faltar parâmetros" name="Testes da rota /agua Deve retornar erro se faltar parâmetros" time="0.002">
    </testcase>
    <testcase classname="Testes da função calcularManutencaoMensal Deve calcular corretamente o custo de manutenção mensal com números padrão" name="Testes da função calcularManutencaoMensal Deve calcular corretamente o custo de manutenção mensal com números padrão" time="0.002">
    </testcase>
    <testcase classname="Testes da função calcularManutencaoMensal Deve aceitar números no formato brasileiro (vírgula como decimal)" name="Testes da função calcularManutencaoMensal Deve aceitar números no formato brasileiro (vírgula como decimal)" time="0.003">
    </testcase>
    <testcase classname="Testes da função calcularManutencaoMensal Deve aceitar números com ponto como milhar e vírgula como decimal (ex.: &quot;1.000,50&quot;)" name="Testes da função calcularManutencaoMensal Deve aceitar números com ponto como milhar e vírgula como decimal (ex.: &quot;1.000,50&quot;)" time="0.003">
    </testcase>
    <testcase classname="Testes da função calcularManutencaoMensal Deve retornar erro se faltar qualquer campo obrigatório" name="Testes da função calcularManutencaoMensal Deve retornar erro se faltar qualquer campo obrigatório" time="0.002">
    </testcase>
    <testcase classname="Testes da função calcularMob Deve calcular corretamente o custo total de MOB com valores válidos" name="Testes da função calcularMob Deve calcular corretamente o custo total de MOB com valores válidos" time="0.002">
    </testcase>
    <testcase classname="Testes da função calcularMob Deve retornar erro se faltar algum campo obrigatório" name="Testes da função calcularMob Deve retornar erro se faltar algum campo obrigatório" time="0.002">
    </testcase>
    <testcase classname="Testes da função calcularMob Deve retornar erro se algum valor for inválido (não numérico)" name="Testes da função calcularMob Deve retornar erro se algum valor for inválido (não numérico)" time="0.002">
    </testcase>
    <testcase classname="Testes da função calcularMob Deve retornar erro se algum valor for negativo" name="Testes da função calcularMob Deve retornar erro se algum valor for negativo" time="0.001">
    </testcase>
  </testsuite>
</testsuites>