<?xml version="1.0" encoding="UTF-8"?>
<testsuites name="jest tests" tests="4" failures="0" errors="0" time="0.758">
  <testsuite name="Teste de cálculo de piscina" errors="0" failures="0" skipped="0" timestamp="2025-05-21T21:20:53" time="0.698" tests="4">
    <testcase classname="Teste de cálculo de piscina Calcula corretamente os valores" name="Teste de cálculo de piscina Calcula corretamente os valores" time="0.002">
    </testcase>
    <testcase classname="Teste da rota POST /login Login com credenciais válidas retorna 200" name="Teste da rota POST /login Login com credenciais válidas retorna 200" time="0.053">
    </testcase>
    <testcase classname="Teste da rota POST /login Login com credenciais inválidas retorna 401" name="Teste da rota POST /login Login com credenciais inválidas retorna 401" time="0.007">
    </testcase>
    <testcase classname="Teste da rota POST /sobre Retorna a URL da imagem corretamente" name="Teste da rota POST /sobre Retorna a URL da imagem corretamente" time="0.004">
    </testcase>
  </testsuite>
</testsuites>