<?xml version="1.0" encoding="UTF-8"?>
<testsuites name="jest tests" tests="10" failures="0" errors="0" time="0.631">
  <testsuite name="Testes da rota /calcular-volume" errors="0" failures="0" skipped="0" timestamp="2025-05-28T23:48:45" time="0.595" tests="10">
    <testcase classname="Testes da rota /calcular-volume Deve calcular volume de piscina retangular corretamente" name="Testes da rota /calcular-volume Deve calcular volume de piscina retangular corretamente" time="0.046">
    </testcase>
    <testcase classname="Testes da rota /calcular-volume Deve retornar erro se faltar tipo de piscina" name="Testes da rota /calcular-volume Deve retornar erro se faltar tipo de piscina" time="0.006">
    </testcase>
    <testcase classname="Testes da rota /login Deve realizar login com sucesso usando credenciais válidas" name="Testes da rota /login Deve realizar login com sucesso usando credenciais válidas" time="0.003">
    </testcase>
    <testcase classname="Testes da rota /login Deve falhar no login com credenciais inválidas" name="Testes da rota /login Deve falhar no login com credenciais inválidas" time="0.003">
    </testcase>
    <testcase classname="Testes da rota /agua Deve calcular corretamente o custo da água" name="Testes da rota /agua Deve calcular corretamente o custo da água" time="0.003">
    </testcase>
    <testcase classname="Testes da rota /agua Deve aceitar números com vírgula no formato brasileiro" name="Testes da rota /agua Deve aceitar números com vírgula no formato brasileiro" time="0.002">
    </testcase>
    <testcase classname="Testes da rota /agua Deve retornar erro se faltar parâmetros" name="Testes da rota /agua Deve retornar erro se faltar parâmetros" time="0.002">
    </testcase>
    <testcase classname="Testes da rota /manutencao Deve calcular corretamente o custo de manutenção mensal" name="Testes da rota /manutencao Deve calcular corretamente o custo de manutenção mensal" time="0.003">
    </testcase>
    <testcase classname="Testes da rota /manutencao Deve aceitar números no formato brasileiro (vírgula)" name="Testes da rota /manutencao Deve aceitar números no formato brasileiro (vírgula)" time="0.006">
    </testcase>
    <testcase classname="Testes da rota /manutencao Deve retornar erro se faltar parâmetros" name="Testes da rota /manutencao Deve retornar erro se faltar parâmetros" time="0.002">
    </testcase>
  </testsuite>
</testsuites>