<?xml version="1.0" encoding="UTF-8"?>
<testsuites name="jest tests" tests="13" failures="0" errors="0" time="0.212">
  <testsuite name="undefined" errors="0" failures="0" skipped="0" timestamp="2025-05-21T14:20:15" time="0.18" tests="13">
    <testcase classname=" Teste de multiplicação de markup" name=" Teste de multiplicação de markup" time="0.001">
    </testcase>
    <testcase classname=" Teste de multiplicação de markup com valores negativos" name=" Teste de multiplicação de markup com valores negativos" time="0.001">
    </testcase>
    <testcase classname=" Teste de multiplicação de markup com valores zero" name=" Teste de multiplicação de markup com valores zero" time="0">
    </testcase>
    <testcase classname=" Teste de multiplicação de markup com valores decimais" name=" Teste de multiplicação de markup com valores decimais" time="0">
    </testcase>
    <testcase classname=" POST to /MKP2/calcMultiplierMarkup should return 201" name=" POST to /MKP2/calcMultiplierMarkup should return 201" time="0.027">
    </testcase>
    <testcase classname=" Teste de multiplicação de markup com valores não numéricos" name=" Teste de multiplicação de markup com valores não numéricos" time="0">
    </testcase>
    <testcase classname=" Teste de multiplicação de markup com valores numeros e não numéricos" name=" Teste de multiplicação de markup com valores numeros e não numéricos" time="0">
    </testcase>
    <testcase classname=" Teste de autenticação" name=" Teste de autenticação" time="0.001">
    </testcase>
    <testcase classname=" Teste de autenticação" name=" Teste de autenticação" time="0">
    </testcase>
    <testcase classname=" Teste de autenticação" name=" Teste de autenticação" time="0">
    </testcase>
    <testcase classname=" Teste de autenticação" name=" Teste de autenticação" time="0">
    </testcase>
    <testcase classname=" Teste de autenticação" name=" Teste de autenticação" time="0">
    </testcase>
    <testcase classname=" Teste de autenticação" name=" Teste de autenticação" time="0">
    </testcase>
  </testsuite>
</testsuites>